/N/project/CoRSAL/.conda/envs/L605_americasnlp/lib/python3.10/site-packages/transformers/utils/hub.py:111: FutureWarning: Using `TRANSFORMERS_CACHE` is deprecated and will be removed in v5 of Transformers. Use `HF_HOME` instead.
  warnings.warn(
Loading checkpoint shards:   0%|          | 0/3 [00:00<?, ?it/s]Loading checkpoint shards:  33%|███▎      | 1/3 [01:48<03:37, 108.91s/it]Loading checkpoint shards:  67%|██████▋   | 2/3 [04:41<02:26, 146.50s/it]Loading checkpoint shards: 100%|██████████| 3/3 [04:48<00:00, 82.78s/it] Loading checkpoint shards: 100%|██████████| 3/3 [04:48<00:00, 96.23s/it]
Traceback (most recent call last):
  File "/N/project/CoRSAL/Cultural_Image_Captions_2026/grn_to_es_nllm.py", line 24, in <module>
    ).to(device)
  File "/N/project/CoRSAL/.conda/envs/L605_americasnlp/lib/python3.10/site-packages/transformers/modeling_utils.py", line 4341, in to
    return super().to(*args, **kwargs)
  File "/N/project/CoRSAL/.conda/envs/L605_americasnlp/lib/python3.10/site-packages/torch/nn/modules/module.py", line 1381, in to
    return self._apply(convert)
  File "/N/project/CoRSAL/.conda/envs/L605_americasnlp/lib/python3.10/site-packages/torch/nn/modules/module.py", line 933, in _apply
    module._apply(fn)
  File "/N/project/CoRSAL/.conda/envs/L605_americasnlp/lib/python3.10/site-packages/torch/nn/modules/module.py", line 933, in _apply
    module._apply(fn)
  File "/N/project/CoRSAL/.conda/envs/L605_americasnlp/lib/python3.10/site-packages/torch/nn/modules/module.py", line 964, in _apply
    param_applied = fn(param)
  File "/N/project/CoRSAL/.conda/envs/L605_americasnlp/lib/python3.10/site-packages/torch/nn/modules/module.py", line 1367, in convert
    return t.to(
  File "/N/project/CoRSAL/.conda/envs/L605_americasnlp/lib/python3.10/site-packages/torch/cuda/__init__.py", line 417, in _lazy_init
    raise AssertionError("Torch not compiled with CUDA enabled")
AssertionError: Torch not compiled with CUDA enabled
